<?xml version="1.0" encoding="UTF-8"?>
<!-- Generated by org.testng.reporters.JUnitXMLReporter -->
<testsuite ignored="0" hostname="LAPTOP-9CT5NANH" failures="0" tests="2" name="Default test" time="40.917" errors="0" timestamp="2022-09-02T10:30:42 IST">
  <testcase classname="com.checkerSoftware.testCases.SMS_Survey_Auto_Test" name="createNewSampleRowSMS" time="16.588"/>
  <testcase classname="com.checkerSoftware.testCases.SMS_Survey_Auto_Test" name="sendSurveyInvitationBySMS" time="13.979"/>
</testsuite> <!-- Default test -->
