<?xml version="1.0" encoding="UTF-8"?>
<!-- Generated by org.testng.reporters.JUnitXMLReporter -->
<testsuite ignored="0" hostname="LAPTOP-9CT5NANH" failures="1" tests="4" name="Email_Survey_Default" time="128.664" errors="0" timestamp="2022-09-13T13:15:19 IST">
  <testcase classname="com.checkerSoftware.testCases.Email_Survey_Updated_In_Survey_Body_Auto_Test" name="BcreateNewSampleRowEmail" time="11.055"/>
  <testcase classname="com.checkerSoftware.testCases.Email_Survey_Updated_In_Survey_Body_Auto_Test" name="CeditSurvey" time="48.534"/>
  <testcase classname="com.checkerSoftware.testCases.Email_Survey_Updated_In_Survey_Body_Auto_Test" name="DxEmailLogin_SurveySubmit" time="43.086"/>
  <testcase classname="com.checkerSoftware.testCases.Email_Survey_Updated_In_Survey_Body_Auto_Test" name="Validate_Thankyou_EMail" time="15.62">
    <failure type="java.lang.AssertionError" message="MisMatch ThankYou Massage E Mail Subject expected [Thank you Raj. ] but found [Thank you Raj.]">
      <![CDATA[java.lang.AssertionError: MisMatch ThankYou Massage E Mail Subject expected [Thank you Raj. ] but found [Thank you Raj.]
at com.checkerSoftware.testCases.Email_Survey_Updated_In_Survey_Body_Auto_Test.Validate_Thankyou_EMail(Email_Survey_Updated_In_Survey_Body_Auto_Test.java:324)
at java.base/java.util.ArrayList.forEach(ArrayList.java:1541)
... Removed 32 stack frames]]>
    </failure>
  </testcase> <!-- Validate_Thankyou_EMail -->
</testsuite> <!-- Email_Survey_Default -->
