<?xml version="1.0" encoding="UTF-8"?>
<!-- Generated by org.testng.reporters.JUnitXMLReporter -->
<testsuite ignored="0" hostname="LAPTOP-9CT5NANH" failures="0" tests="4" name="Email_Survey_HINDI" time="141.676" errors="0" timestamp="2022-09-19T11:34:32 IST">
  <testcase classname="com.checkerSoftware.testCases.Email_Survey_Updated_In_Survey_Hindi_Language_" name="BcreateNewSampleRowEmail" time="8.417"/>
  <testcase classname="com.checkerSoftware.testCases.Email_Survey_Updated_In_Survey_Hindi_Language_" name="CeditSurvey" time="48.878"/>
  <testcase classname="com.checkerSoftware.testCases.Email_Survey_Updated_In_Survey_Hindi_Language_" name="DxEmailLogin_SurveySubmit" time="50.731"/>
  <testcase classname="com.checkerSoftware.testCases.Email_Survey_Updated_In_Survey_Hindi_Language_" name="Validate_Thankyou_EMail" time="25.966"/>
</testsuite> <!-- Email_Survey_HINDI -->
