<?xml version="1.0" encoding="UTF-8"?>
<!-- Generated by org.testng.reporters.JUnitXMLReporter -->
<testsuite ignored="0" hostname="LAPTOP-9CT5NANH" failures="0" tests="4" name="Email_Survey_Default" time="146.209" errors="0" timestamp="2022-09-19T11:32:11 IST">
  <testcase classname="com.checkerSoftware.testCases.Email_Survey_Updated_In_Survey_Body_Auto_Test" name="BcreateNewSampleRowEmail" time="8.912"/>
  <testcase classname="com.checkerSoftware.testCases.Email_Survey_Updated_In_Survey_Body_Auto_Test" name="CeditSurvey" time="48.052"/>
  <testcase classname="com.checkerSoftware.testCases.Email_Survey_Updated_In_Survey_Body_Auto_Test" name="DxEmailLogin_SurveySubmit" time="54.471"/>
  <testcase classname="com.checkerSoftware.testCases.Email_Survey_Updated_In_Survey_Body_Auto_Test" name="Validate_Thankyou_EMail" time="26.449"/>
</testsuite> <!-- Email_Survey_Default -->
