<?xml version="1.0" encoding="UTF-8"?>
<!-- Generated by org.testng.reporters.JUnitXMLReporter -->
<testsuite ignored="0" hostname="LAPTOP-9CT5NANH" failures="1" tests="4" name="Email_Survey_HINDI" time="130.512" errors="0" timestamp="2022-09-13T13:17:29 IST">
  <testcase classname="com.checkerSoftware.testCases.Email_Survey_Updated_In_Survey_Hindi_Language_" name="BcreateNewSampleRowEmail" time="11.861"/>
  <testcase classname="com.checkerSoftware.testCases.Email_Survey_Updated_In_Survey_Hindi_Language_" name="CeditSurvey" time="48.03"/>
  <testcase classname="com.checkerSoftware.testCases.Email_Survey_Updated_In_Survey_Hindi_Language_" name="DxEmailLogin_SurveySubmit" time="45.744"/>
  <testcase classname="com.checkerSoftware.testCases.Email_Survey_Updated_In_Survey_Hindi_Language_" name="Validate_Thankyou_EMail" time="16.904">
    <failure type="java.lang.AssertionError" message="MisMatch ThankYou Massage E Mail Subject expected [Thank you Raj. ] but found [Thank you Raj.]">
      <![CDATA[java.lang.AssertionError: MisMatch ThankYou Massage E Mail Subject expected [Thank you Raj. ] but found [Thank you Raj.]
at com.checkerSoftware.testCases.Email_Survey_Updated_In_Survey_Hindi_Language_.Validate_Thankyou_EMail(Email_Survey_Updated_In_Survey_Hindi_Language_.java:338)
at java.base/java.util.ArrayList.forEach(ArrayList.java:1541)
... Removed 32 stack frames]]>
    </failure>
  </testcase> <!-- Validate_Thankyou_EMail -->
</testsuite> <!-- Email_Survey_HINDI -->
