<?xml version="1.0" encoding="UTF-8"?>
<!-- Generated by org.testng.reporters.JUnitXMLReporter -->
<testsuite ignored="0" hostname="LAPTOP-9CT5NANH" failures="0" tests="2" name="SMS SURVEY " time="34.122" errors="0" timestamp="2022-09-19T11:35:07 IST">
  <testcase classname="com.checkerSoftware.testCases.SMS_Survey_Auto_Test" name="createNewSampleRowSMS" time="11.528"/>
  <testcase classname="com.checkerSoftware.testCases.SMS_Survey_Auto_Test" name="sendSurveyInvitationBySMS" time="14.73"/>
</testsuite> <!-- SMS SURVEY  -->
