<?xml version="1.0" encoding="UTF-8"?>
<testng-results ignored="0" total="10" passed="10" failed="0" skipped="0">
  <reporter-output>
  </reporter-output>
  <suite started-at="2022-09-19T11:29:45 IST" name="Suite" finished-at="2022-09-19T11:35:07 IST" duration-ms="322064">
    <groups>
    </groups>
    <test started-at="2022-09-19T11:29:45 IST" name="Email_Survey_Default" finished-at="2022-09-19T11:32:11 IST" duration-ms="146209">
      <class name="com.checkerSoftware.testCases.Email_Survey_Updated_In_Survey_Body_Auto_Test">
        <test-method is-config="true" signature="loadConfig()[pri:0, instance:com.checkerSoftware.testCases.Email_Survey_Updated_In_Survey_Body_Auto_Test@402c4085]" started-at="2022-09-19T11:29:45 IST" name="loadConfig" finished-at="2022-09-19T11:29:45 IST" duration-ms="27" status="PASS">
          <reporter-output>
          </reporter-output>
        </test-method> <!-- loadConfig -->
        <test-method is-config="true" signature="Asetup()[pri:0, instance:com.checkerSoftware.testCases.Email_Survey_Updated_In_Survey_Body_Auto_Test@402c4085]" started-at="2022-09-19T11:29:45 IST" name="Asetup" finished-at="2022-09-19T11:29:53 IST" duration-ms="8222" status="PASS">
          <reporter-output>
          </reporter-output>
        </test-method> <!-- Asetup -->
        <test-method signature="BcreateNewSampleRowEmail()[pri:0, instance:com.checkerSoftware.testCases.Email_Survey_Updated_In_Survey_Body_Auto_Test@402c4085]" started-at="2022-09-19T11:29:53 IST" name="BcreateNewSampleRowEmail" finished-at="2022-09-19T11:30:02 IST" duration-ms="8912" status="PASS">
          <reporter-output>
          </reporter-output>
        </test-method> <!-- BcreateNewSampleRowEmail -->
        <test-method signature="CeditSurvey()[pri:0, instance:com.checkerSoftware.testCases.Email_Survey_Updated_In_Survey_Body_Auto_Test@402c4085]" started-at="2022-09-19T11:30:02 IST" name="CeditSurvey" finished-at="2022-09-19T11:30:50 IST" depends-on-methods="com.checkerSoftware.testCases.Email_Survey_Updated_In_Survey_Body_Auto_Test.BcreateNewSampleRowEmail" duration-ms="48052" status="PASS">
          <reporter-output>
          </reporter-output>
        </test-method> <!-- CeditSurvey -->
        <test-method signature="DxEmailLogin_SurveySubmit()[pri:0, instance:com.checkerSoftware.testCases.Email_Survey_Updated_In_Survey_Body_Auto_Test@402c4085]" started-at="2022-09-19T11:30:50 IST" name="DxEmailLogin_SurveySubmit" finished-at="2022-09-19T11:31:44 IST" depends-on-methods="com.checkerSoftware.testCases.Email_Survey_Updated_In_Survey_Body_Auto_Test.CeditSurvey" duration-ms="54471" status="PASS">
          <reporter-output>
          </reporter-output>
        </test-method> <!-- DxEmailLogin_SurveySubmit -->
        <test-method signature="Validate_Thankyou_EMail()[pri:0, instance:com.checkerSoftware.testCases.Email_Survey_Updated_In_Survey_Body_Auto_Test@402c4085]" started-at="2022-09-19T11:31:44 IST" name="Validate_Thankyou_EMail" finished-at="2022-09-19T11:32:11 IST" depends-on-methods="com.checkerSoftware.testCases.Email_Survey_Updated_In_Survey_Body_Auto_Test.DxEmailLogin_SurveySubmit" duration-ms="26449" status="PASS">
          <reporter-output>
          </reporter-output>
        </test-method> <!-- Validate_Thankyou_EMail -->
      </class> <!-- com.checkerSoftware.testCases.Email_Survey_Updated_In_Survey_Body_Auto_Test -->
    </test> <!-- Email_Survey_Default -->
    <test started-at="2022-09-19T11:32:11 IST" name="Email_Survey_HINDI" finished-at="2022-09-19T11:34:32 IST" duration-ms="141676">
      <class name="com.checkerSoftware.testCases.Email_Survey_Updated_In_Survey_Hindi_Language_">
        <test-method is-config="true" signature="loadConfig()[pri:0, instance:com.checkerSoftware.testCases.Email_Survey_Updated_In_Survey_Hindi_Language_@4007f65e]" started-at="2022-09-19T11:32:11 IST" name="loadConfig" finished-at="2022-09-19T11:32:11 IST" duration-ms="1" status="PASS">
          <reporter-output>
          </reporter-output>
        </test-method> <!-- loadConfig -->
        <test-method is-config="true" signature="Asetup()[pri:0, instance:com.checkerSoftware.testCases.Email_Survey_Updated_In_Survey_Hindi_Language_@4007f65e]" started-at="2022-09-19T11:32:11 IST" name="Asetup" finished-at="2022-09-19T11:32:18 IST" duration-ms="7667" status="PASS">
          <reporter-output>
          </reporter-output>
        </test-method> <!-- Asetup -->
        <test-method signature="BcreateNewSampleRowEmail()[pri:0, instance:com.checkerSoftware.testCases.Email_Survey_Updated_In_Survey_Hindi_Language_@4007f65e]" started-at="2022-09-19T11:32:18 IST" name="BcreateNewSampleRowEmail" finished-at="2022-09-19T11:32:27 IST" duration-ms="8417" status="PASS">
          <reporter-output>
          </reporter-output>
        </test-method> <!-- BcreateNewSampleRowEmail -->
        <test-method signature="CeditSurvey()[pri:0, instance:com.checkerSoftware.testCases.Email_Survey_Updated_In_Survey_Hindi_Language_@4007f65e]" started-at="2022-09-19T11:32:27 IST" name="CeditSurvey" finished-at="2022-09-19T11:33:16 IST" depends-on-methods="com.checkerSoftware.testCases.Email_Survey_Updated_In_Survey_Hindi_Language_.BcreateNewSampleRowEmail" duration-ms="48878" status="PASS">
          <reporter-output>
          </reporter-output>
        </test-method> <!-- CeditSurvey -->
        <test-method signature="DxEmailLogin_SurveySubmit()[pri:0, instance:com.checkerSoftware.testCases.Email_Survey_Updated_In_Survey_Hindi_Language_@4007f65e]" started-at="2022-09-19T11:33:16 IST" name="DxEmailLogin_SurveySubmit" finished-at="2022-09-19T11:34:07 IST" depends-on-methods="com.checkerSoftware.testCases.Email_Survey_Updated_In_Survey_Hindi_Language_.CeditSurvey" duration-ms="50731" status="PASS">
          <reporter-output>
          </reporter-output>
        </test-method> <!-- DxEmailLogin_SurveySubmit -->
        <test-method signature="Validate_Thankyou_EMail()[pri:0, instance:com.checkerSoftware.testCases.Email_Survey_Updated_In_Survey_Hindi_Language_@4007f65e]" started-at="2022-09-19T11:34:07 IST" name="Validate_Thankyou_EMail" finished-at="2022-09-19T11:34:32 IST" depends-on-methods="com.checkerSoftware.testCases.Email_Survey_Updated_In_Survey_Hindi_Language_.DxEmailLogin_SurveySubmit" duration-ms="25966" status="PASS">
          <reporter-output>
          </reporter-output>
        </test-method> <!-- Validate_Thankyou_EMail -->
      </class> <!-- com.checkerSoftware.testCases.Email_Survey_Updated_In_Survey_Hindi_Language_ -->
    </test> <!-- Email_Survey_HINDI -->
    <test started-at="2022-09-19T11:34:33 IST" name="SMS SURVEY " finished-at="2022-09-19T11:35:07 IST" duration-ms="34122">
      <class name="com.checkerSoftware.testCases.SMS_Survey_Auto_Test">
        <test-method is-config="true" signature="loadConfig()[pri:0, instance:com.checkerSoftware.testCases.SMS_Survey_Auto_Test@4e5ed836]" started-at="2022-09-19T11:34:33 IST" name="loadConfig" finished-at="2022-09-19T11:34:33 IST" duration-ms="1" status="PASS">
          <reporter-output>
          </reporter-output>
        </test-method> <!-- loadConfig -->
        <test-method is-config="true" signature="setup()[pri:0, instance:com.checkerSoftware.testCases.SMS_Survey_Auto_Test@4e5ed836]" started-at="2022-09-19T11:34:33 IST" name="setup" finished-at="2022-09-19T11:34:39 IST" duration-ms="6858" status="PASS">
          <reporter-output>
          </reporter-output>
        </test-method> <!-- setup -->
        <test-method signature="createNewSampleRowSMS()[pri:0, instance:com.checkerSoftware.testCases.SMS_Survey_Auto_Test@4e5ed836]" started-at="2022-09-19T11:34:39 IST" name="createNewSampleRowSMS" finished-at="2022-09-19T11:34:51 IST" duration-ms="11528" status="PASS">
          <reporter-output>
          </reporter-output>
        </test-method> <!-- createNewSampleRowSMS -->
        <test-method signature="sendSurveyInvitationBySMS()[pri:0, instance:com.checkerSoftware.testCases.SMS_Survey_Auto_Test@4e5ed836]" started-at="2022-09-19T11:34:51 IST" name="sendSurveyInvitationBySMS" finished-at="2022-09-19T11:35:06 IST" depends-on-methods="com.checkerSoftware.testCases.SMS_Survey_Auto_Test.createNewSampleRowSMS" duration-ms="14730" status="PASS">
          <reporter-output>
          </reporter-output>
        </test-method> <!-- sendSurveyInvitationBySMS -->
        <test-method is-config="true" signature="tearDown()[pri:0, instance:com.checkerSoftware.testCases.SMS_Survey_Auto_Test@4e5ed836]" started-at="2022-09-19T11:35:06 IST" name="tearDown" finished-at="2022-09-19T11:35:07 IST" duration-ms="998" status="PASS">
          <reporter-output>
          </reporter-output>
        </test-method> <!-- tearDown -->
      </class> <!-- com.checkerSoftware.testCases.SMS_Survey_Auto_Test -->
    </test> <!-- SMS SURVEY  -->
  </suite> <!-- Suite -->
</testng-results>
