<?xml version="1.0" encoding="UTF-8"?>
<testng-results ignored="0" total="2" passed="2" failed="0" skipped="0">
  <reporter-output>
  </reporter-output>
  <suite started-at="2022-09-02T10:30:01 IST" name="Default suite" finished-at="2022-09-02T10:30:42 IST" duration-ms="40917">
    <groups>
    </groups>
    <test started-at="2022-09-02T10:30:01 IST" name="Default test" finished-at="2022-09-02T10:30:42 IST" duration-ms="40917">
      <class name="com.checkerSoftware.testCases.SMS_Survey_Auto_Test">
        <test-method is-config="true" signature="loadConfig()[pri:0, instance:com.checkerSoftware.testCases.SMS_Survey_Auto_Test@3a7442c7]" started-at="2022-09-02T10:30:01 IST" name="loadConfig" finished-at="2022-09-02T10:30:01 IST" duration-ms="26" status="PASS">
          <reporter-output>
          </reporter-output>
        </test-method> <!-- loadConfig -->
        <test-method is-config="true" signature="setup()[pri:0, instance:com.checkerSoftware.testCases.SMS_Survey_Auto_Test@3a7442c7]" started-at="2022-09-02T10:30:01 IST" name="setup" finished-at="2022-09-02T10:30:09 IST" duration-ms="8462" status="PASS">
          <reporter-output>
          </reporter-output>
        </test-method> <!-- setup -->
        <test-method signature="createNewSampleRowSMS()[pri:0, instance:com.checkerSoftware.testCases.SMS_Survey_Auto_Test@3a7442c7]" started-at="2022-09-02T10:30:09 IST" name="createNewSampleRowSMS" finished-at="2022-09-02T10:30:26 IST" duration-ms="16588" status="PASS">
          <reporter-output>
          </reporter-output>
        </test-method> <!-- createNewSampleRowSMS -->
        <test-method signature="sendSurveyInvitationBySMS()[pri:0, instance:com.checkerSoftware.testCases.SMS_Survey_Auto_Test@3a7442c7]" started-at="2022-09-02T10:30:26 IST" name="sendSurveyInvitationBySMS" finished-at="2022-09-02T10:30:40 IST" depends-on-methods="com.checkerSoftware.testCases.SMS_Survey_Auto_Test.createNewSampleRowSMS" duration-ms="13979" status="PASS">
          <reporter-output>
          </reporter-output>
        </test-method> <!-- sendSurveyInvitationBySMS -->
        <test-method is-config="true" signature="tearDown()[pri:0, instance:com.checkerSoftware.testCases.SMS_Survey_Auto_Test@3a7442c7]" started-at="2022-09-02T10:30:40 IST" name="tearDown" finished-at="2022-09-02T10:30:42 IST" duration-ms="1799" status="PASS">
          <reporter-output>
          </reporter-output>
        </test-method> <!-- tearDown -->
      </class> <!-- com.checkerSoftware.testCases.SMS_Survey_Auto_Test -->
    </test> <!-- Default test -->
  </suite> <!-- Default suite -->
</testng-results>
